<?xml version="1.0" encoding="UTF-8"?>
<testsuite xmlns:xsi="http://www.w3.org/2001/XMLSchema-instance" xsi:noNamespaceSchemaLocation="https://maven.apache.org/surefire/maven-surefire-plugin/xsd/surefire-test-report-3.0.xsd" version="3.0" name="TestSuite" time="121.515" tests="29" errors="0" skipped="0" failures="0">
  <properties>
    <property name="java.specification.version" value="17"/>
    <property name="sun.cpu.isalist" value="amd64"/>
    <property name="sun.jnu.encoding" value="Cp1252"/>
    <property name="java.class.path" value="C:\Users\bindu\eclipse-workspace\MysauceDemoProject\target\test-classes;C:\Users\bindu\eclipse-workspace\MysauceDemoProject\target\classes;C:\Users\bindu\.m2\repository\org\seleniumhq\selenium\selenium-java\4.17.0\selenium-java-4.17.0.jar;C:\Users\bindu\.m2\repository\org\seleniumhq\selenium\selenium-api\4.17.0\selenium-api-4.17.0.jar;C:\Users\bindu\.m2\repository\org\seleniumhq\selenium\selenium-chrome-driver\4.17.0\selenium-chrome-driver-4.17.0.jar;C:\Users\bindu\.m2\repository\com\google\auto\service\auto-service-annotations\1.1.1\auto-service-annotations-1.1.1.jar;C:\Users\bindu\.m2\repository\org\seleniumhq\selenium\selenium-chromium-driver\4.17.0\selenium-chromium-driver-4.17.0.jar;C:\Users\bindu\.m2\repository\org\seleniumhq\selenium\selenium-json\4.17.0\selenium-json-4.17.0.jar;C:\Users\bindu\.m2\repository\org\seleniumhq\selenium\selenium-manager\4.17.0\selenium-manager-4.17.0.jar;C:\Users\bindu\.m2\repository\org\seleniumhq\selenium\selenium-devtools-v119\4.17.0\selenium-devtools-v119-4.17.0.jar;C:\Users\bindu\.m2\repository\org\seleniumhq\selenium\selenium-devtools-v120\4.17.0\selenium-devtools-v120-4.17.0.jar;C:\Users\bindu\.m2\repository\org\seleniumhq\selenium\selenium-devtools-v121\4.17.0\selenium-devtools-v121-4.17.0.jar;C:\Users\bindu\.m2\repository\org\seleniumhq\selenium\selenium-devtools-v85\4.17.0\selenium-devtools-v85-4.17.0.jar;C:\Users\bindu\.m2\repository\org\seleniumhq\selenium\selenium-edge-driver\4.17.0\selenium-edge-driver-4.17.0.jar;C:\Users\bindu\.m2\repository\org\seleniumhq\selenium\selenium-firefox-driver\4.17.0\selenium-firefox-driver-4.17.0.jar;C:\Users\bindu\.m2\repository\org\seleniumhq\selenium\selenium-http\4.17.0\selenium-http-4.17.0.jar;C:\Users\bindu\.m2\repository\dev\failsafe\failsafe\3.3.2\failsafe-3.3.2.jar;C:\Users\bindu\.m2\repository\org\seleniumhq\selenium\selenium-ie-driver\4.17.0\selenium-ie-driver-4.17.0.jar;C:\Users\bindu\.m2\repository\org\seleniumhq\selenium\selenium-remote-driver\4.17.0\selenium-remote-driver-4.17.0.jar;C:\Users\bindu\.m2\repository\com\google\guava\guava\33.0.0-jre\guava-33.0.0-jre.jar;C:\Users\bindu\.m2\repository\com\google\guava\failureaccess\1.0.2\failureaccess-1.0.2.jar;C:\Users\bindu\.m2\repository\com\google\guava\listenablefuture\9999.0-empty-to-avoid-conflict-with-guava\listenablefuture-9999.0-empty-to-avoid-conflict-with-guava.jar;C:\Users\bindu\.m2\repository\com\google\code\findbugs\jsr305\3.0.2\jsr305-3.0.2.jar;C:\Users\bindu\.m2\repository\org\checkerframework\checker-qual\3.41.0\checker-qual-3.41.0.jar;C:\Users\bindu\.m2\repository\com\google\errorprone\error_prone_annotations\2.23.0\error_prone_annotations-2.23.0.jar;C:\Users\bindu\.m2\repository\com\google\j2objc\j2objc-annotations\2.8\j2objc-annotations-2.8.jar;C:\Users\bindu\.m2\repository\io\opentelemetry\semconv\opentelemetry-semconv\1.23.1-alpha\opentelemetry-semconv-1.23.1-alpha.jar;C:\Users\bindu\.m2\repository\io\opentelemetry\opentelemetry-api\1.34.1\opentelemetry-api-1.34.1.jar;C:\Users\bindu\.m2\repository\io\opentelemetry\opentelemetry-context\1.34.1\opentelemetry-context-1.34.1.jar;C:\Users\bindu\.m2\repository\io\opentelemetry\opentelemetry-exporter-logging\1.34.1\opentelemetry-exporter-logging-1.34.1.jar;C:\Users\bindu\.m2\repository\io\opentelemetry\opentelemetry-sdk-common\1.34.1\opentelemetry-sdk-common-1.34.1.jar;C:\Users\bindu\.m2\repository\io\opentelemetry\opentelemetry-sdk-extension-autoconfigure-spi\1.34.1\opentelemetry-sdk-extension-autoconfigure-spi-1.34.1.jar;C:\Users\bindu\.m2\repository\io\opentelemetry\opentelemetry-sdk-extension-autoconfigure\1.34.1\opentelemetry-sdk-extension-autoconfigure-1.34.1.jar;C:\Users\bindu\.m2\repository\io\opentelemetry\opentelemetry-api-events\1.34.1-alpha\opentelemetry-api-events-1.34.1-alpha.jar;C:\Users\bindu\.m2\repository\io\opentelemetry\opentelemetry-sdk-trace\1.34.1\opentelemetry-sdk-trace-1.34.1.jar;C:\Users\bindu\.m2\repository\io\opentelemetry\opentelemetry-sdk\1.34.1\opentelemetry-sdk-1.34.1.jar;C:\Users\bindu\.m2\repository\io\opentelemetry\opentelemetry-sdk-metrics\1.34.1\opentelemetry-sdk-metrics-1.34.1.jar;C:\Users\bindu\.m2\repository\io\opentelemetry\opentelemetry-extension-incubator\1.34.1-alpha\opentelemetry-extension-incubator-1.34.1-alpha.jar;C:\Users\bindu\.m2\repository\io\opentelemetry\opentelemetry-sdk-logs\1.34.1\opentelemetry-sdk-logs-1.34.1.jar;C:\Users\bindu\.m2\repository\net\bytebuddy\byte-buddy\1.14.11\byte-buddy-1.14.11.jar;C:\Users\bindu\.m2\repository\org\seleniumhq\selenium\selenium-os\4.17.0\selenium-os-4.17.0.jar;C:\Users\bindu\.m2\repository\org\apache\commons\commons-exec\1.3\commons-exec-1.3.jar;C:\Users\bindu\.m2\repository\org\seleniumhq\selenium\selenium-safari-driver\4.17.0\selenium-safari-driver-4.17.0.jar;C:\Users\bindu\.m2\repository\org\seleniumhq\selenium\selenium-support\4.17.0\selenium-support-4.17.0.jar;C:\Users\bindu\.m2\repository\org\testng\testng\7.9.0\testng-7.9.0.jar;C:\Users\bindu\.m2\repository\org\slf4j\slf4j-api\1.7.36\slf4j-api-1.7.36.jar;C:\Users\bindu\.m2\repository\com\beust\jcommander\1.82\jcommander-1.82.jar;C:\Users\bindu\.m2\repository\org\webjars\jquery\3.7.1\jquery-3.7.1.jar;C:\Users\bindu\.m2\repository\org\apache\poi\poi\5.2.5\poi-5.2.5.jar;C:\Users\bindu\.m2\repository\commons-codec\commons-codec\1.16.0\commons-codec-1.16.0.jar;C:\Users\bindu\.m2\repository\org\apache\commons\commons-collections4\4.4\commons-collections4-4.4.jar;C:\Users\bindu\.m2\repository\org\apache\commons\commons-math3\3.6.1\commons-math3-3.6.1.jar;C:\Users\bindu\.m2\repository\commons-io\commons-io\2.15.0\commons-io-2.15.0.jar;C:\Users\bindu\.m2\repository\com\zaxxer\SparseBitSet\1.3\SparseBitSet-1.3.jar;C:\Users\bindu\.m2\repository\org\apache\logging\log4j\log4j-api\2.21.1\log4j-api-2.21.1.jar;C:\Users\bindu\.m2\repository\org\apache\poi\poi-ooxml\5.2.5\poi-ooxml-5.2.5.jar;C:\Users\bindu\.m2\repository\org\apache\poi\poi-ooxml-lite\5.2.5\poi-ooxml-lite-5.2.5.jar;C:\Users\bindu\.m2\repository\org\apache\xmlbeans\xmlbeans\5.2.0\xmlbeans-5.2.0.jar;C:\Users\bindu\.m2\repository\org\apache\commons\commons-compress\1.25.0\commons-compress-1.25.0.jar;C:\Users\bindu\.m2\repository\com\github\virtuald\curvesapi\1.08\curvesapi-1.08.jar;C:\Users\bindu\.m2\repository\com\aventstack\extentreports\5.1.1\extentreports-5.1.1.jar;C:\Users\bindu\.m2\repository\io\reactivex\rxjava3\rxjava\3.1.6\rxjava-3.1.6.jar;C:\Users\bindu\.m2\repository\org\reactivestreams\reactive-streams\1.0.4\reactive-streams-1.0.4.jar;C:\Users\bindu\.m2\repository\org\freemarker\freemarker\2.3.32\freemarker-2.3.32.jar;C:\Users\bindu\.m2\repository\org\projectlombok\lombok\1.18.26\lombok-1.18.26.jar;C:\Users\bindu\.m2\repository\com\google\code\gson\gson\2.10.1\gson-2.10.1.jar;"/>
    <property name="java.vm.vendor" value="Oracle Corporation"/>
    <property name="sun.arch.data.model" value="64"/>
    <property name="user.variant" value=""/>
    <property name="java.vendor.url" value="https://java.oracle.com/"/>
    <property name="user.timezone" value="America/New_York"/>
    <property name="os.name" value="Windows 11"/>
    <property name="java.vm.specification.version" value="17"/>
    <property name="sun.java.launcher" value="SUN_STANDARD"/>
    <property name="user.country" value="US"/>
    <property name="sun.boot.library.path" value="C:\Program Files\Java\jdk-17\bin"/>
    <property name="sun.java.command" value="C:\Users\bindu\AppData\Local\Temp\surefire5227618174538048702\surefirebooter-20240624213205891_3.jar C:\Users\bindu\AppData\Local\Temp\surefire5227618174538048702 2024-06-24T21-32-05_754-jvmRun1 surefire-20240624213205891_1tmp surefire_0-20240624213205891_2tmp"/>
    <property name="jdk.debug" value="release"/>
    <property name="surefire.test.class.path" value="C:\Users\bindu\eclipse-workspace\MysauceDemoProject\target\test-classes;C:\Users\bindu\eclipse-workspace\MysauceDemoProject\target\classes;C:\Users\bindu\.m2\repository\org\seleniumhq\selenium\selenium-java\4.17.0\selenium-java-4.17.0.jar;C:\Users\bindu\.m2\repository\org\seleniumhq\selenium\selenium-api\4.17.0\selenium-api-4.17.0.jar;C:\Users\bindu\.m2\repository\org\seleniumhq\selenium\selenium-chrome-driver\4.17.0\selenium-chrome-driver-4.17.0.jar;C:\Users\bindu\.m2\repository\com\google\auto\service\auto-service-annotations\1.1.1\auto-service-annotations-1.1.1.jar;C:\Users\bindu\.m2\repository\org\seleniumhq\selenium\selenium-chromium-driver\4.17.0\selenium-chromium-driver-4.17.0.jar;C:\Users\bindu\.m2\repository\org\seleniumhq\selenium\selenium-json\4.17.0\selenium-json-4.17.0.jar;C:\Users\bindu\.m2\repository\org\seleniumhq\selenium\selenium-manager\4.17.0\selenium-manager-4.17.0.jar;C:\Users\bindu\.m2\repository\org\seleniumhq\selenium\selenium-devtools-v119\4.17.0\selenium-devtools-v119-4.17.0.jar;C:\Users\bindu\.m2\repository\org\seleniumhq\selenium\selenium-devtools-v120\4.17.0\selenium-devtools-v120-4.17.0.jar;C:\Users\bindu\.m2\repository\org\seleniumhq\selenium\selenium-devtools-v121\4.17.0\selenium-devtools-v121-4.17.0.jar;C:\Users\bindu\.m2\repository\org\seleniumhq\selenium\selenium-devtools-v85\4.17.0\selenium-devtools-v85-4.17.0.jar;C:\Users\bindu\.m2\repository\org\seleniumhq\selenium\selenium-edge-driver\4.17.0\selenium-edge-driver-4.17.0.jar;C:\Users\bindu\.m2\repository\org\seleniumhq\selenium\selenium-firefox-driver\4.17.0\selenium-firefox-driver-4.17.0.jar;C:\Users\bindu\.m2\repository\org\seleniumhq\selenium\selenium-http\4.17.0\selenium-http-4.17.0.jar;C:\Users\bindu\.m2\repository\dev\failsafe\failsafe\3.3.2\failsafe-3.3.2.jar;C:\Users\bindu\.m2\repository\org\seleniumhq\selenium\selenium-ie-driver\4.17.0\selenium-ie-driver-4.17.0.jar;C:\Users\bindu\.m2\repository\org\seleniumhq\selenium\selenium-remote-driver\4.17.0\selenium-remote-driver-4.17.0.jar;C:\Users\bindu\.m2\repository\com\google\guava\guava\33.0.0-jre\guava-33.0.0-jre.jar;C:\Users\bindu\.m2\repository\com\google\guava\failureaccess\1.0.2\failureaccess-1.0.2.jar;C:\Users\bindu\.m2\repository\com\google\guava\listenablefuture\9999.0-empty-to-avoid-conflict-with-guava\listenablefuture-9999.0-empty-to-avoid-conflict-with-guava.jar;C:\Users\bindu\.m2\repository\com\google\code\findbugs\jsr305\3.0.2\jsr305-3.0.2.jar;C:\Users\bindu\.m2\repository\org\checkerframework\checker-qual\3.41.0\checker-qual-3.41.0.jar;C:\Users\bindu\.m2\repository\com\google\errorprone\error_prone_annotations\2.23.0\error_prone_annotations-2.23.0.jar;C:\Users\bindu\.m2\repository\com\google\j2objc\j2objc-annotations\2.8\j2objc-annotations-2.8.jar;C:\Users\bindu\.m2\repository\io\opentelemetry\semconv\opentelemetry-semconv\1.23.1-alpha\opentelemetry-semconv-1.23.1-alpha.jar;C:\Users\bindu\.m2\repository\io\opentelemetry\opentelemetry-api\1.34.1\opentelemetry-api-1.34.1.jar;C:\Users\bindu\.m2\repository\io\opentelemetry\opentelemetry-context\1.34.1\opentelemetry-context-1.34.1.jar;C:\Users\bindu\.m2\repository\io\opentelemetry\opentelemetry-exporter-logging\1.34.1\opentelemetry-exporter-logging-1.34.1.jar;C:\Users\bindu\.m2\repository\io\opentelemetry\opentelemetry-sdk-common\1.34.1\opentelemetry-sdk-common-1.34.1.jar;C:\Users\bindu\.m2\repository\io\opentelemetry\opentelemetry-sdk-extension-autoconfigure-spi\1.34.1\opentelemetry-sdk-extension-autoconfigure-spi-1.34.1.jar;C:\Users\bindu\.m2\repository\io\opentelemetry\opentelemetry-sdk-extension-autoconfigure\1.34.1\opentelemetry-sdk-extension-autoconfigure-1.34.1.jar;C:\Users\bindu\.m2\repository\io\opentelemetry\opentelemetry-api-events\1.34.1-alpha\opentelemetry-api-events-1.34.1-alpha.jar;C:\Users\bindu\.m2\repository\io\opentelemetry\opentelemetry-sdk-trace\1.34.1\opentelemetry-sdk-trace-1.34.1.jar;C:\Users\bindu\.m2\repository\io\opentelemetry\opentelemetry-sdk\1.34.1\opentelemetry-sdk-1.34.1.jar;C:\Users\bindu\.m2\repository\io\opentelemetry\opentelemetry-sdk-metrics\1.34.1\opentelemetry-sdk-metrics-1.34.1.jar;C:\Users\bindu\.m2\repository\io\opentelemetry\opentelemetry-extension-incubator\1.34.1-alpha\opentelemetry-extension-incubator-1.34.1-alpha.jar;C:\Users\bindu\.m2\repository\io\opentelemetry\opentelemetry-sdk-logs\1.34.1\opentelemetry-sdk-logs-1.34.1.jar;C:\Users\bindu\.m2\repository\net\bytebuddy\byte-buddy\1.14.11\byte-buddy-1.14.11.jar;C:\Users\bindu\.m2\repository\org\seleniumhq\selenium\selenium-os\4.17.0\selenium-os-4.17.0.jar;C:\Users\bindu\.m2\repository\org\apache\commons\commons-exec\1.3\commons-exec-1.3.jar;C:\Users\bindu\.m2\repository\org\seleniumhq\selenium\selenium-safari-driver\4.17.0\selenium-safari-driver-4.17.0.jar;C:\Users\bindu\.m2\repository\org\seleniumhq\selenium\selenium-support\4.17.0\selenium-support-4.17.0.jar;C:\Users\bindu\.m2\repository\org\testng\testng\7.9.0\testng-7.9.0.jar;C:\Users\bindu\.m2\repository\org\slf4j\slf4j-api\1.7.36\slf4j-api-1.7.36.jar;C:\Users\bindu\.m2\repository\com\beust\jcommander\1.82\jcommander-1.82.jar;C:\Users\bindu\.m2\repository\org\webjars\jquery\3.7.1\jquery-3.7.1.jar;C:\Users\bindu\.m2\repository\org\apache\poi\poi\5.2.5\poi-5.2.5.jar;C:\Users\bindu\.m2\repository\commons-codec\commons-codec\1.16.0\commons-codec-1.16.0.jar;C:\Users\bindu\.m2\repository\org\apache\commons\commons-collections4\4.4\commons-collections4-4.4.jar;C:\Users\bindu\.m2\repository\org\apache\commons\commons-math3\3.6.1\commons-math3-3.6.1.jar;C:\Users\bindu\.m2\repository\commons-io\commons-io\2.15.0\commons-io-2.15.0.jar;C:\Users\bindu\.m2\repository\com\zaxxer\SparseBitSet\1.3\SparseBitSet-1.3.jar;C:\Users\bindu\.m2\repository\org\apache\logging\log4j\log4j-api\2.21.1\log4j-api-2.21.1.jar;C:\Users\bindu\.m2\repository\org\apache\poi\poi-ooxml\5.2.5\poi-ooxml-5.2.5.jar;C:\Users\bindu\.m2\repository\org\apache\poi\poi-ooxml-lite\5.2.5\poi-ooxml-lite-5.2.5.jar;C:\Users\bindu\.m2\repository\org\apache\xmlbeans\xmlbeans\5.2.0\xmlbeans-5.2.0.jar;C:\Users\bindu\.m2\repository\org\apache\commons\commons-compress\1.25.0\commons-compress-1.25.0.jar;C:\Users\bindu\.m2\repository\com\github\virtuald\curvesapi\1.08\curvesapi-1.08.jar;C:\Users\bindu\.m2\repository\com\aventstack\extentreports\5.1.1\extentreports-5.1.1.jar;C:\Users\bindu\.m2\repository\io\reactivex\rxjava3\rxjava\3.1.6\rxjava-3.1.6.jar;C:\Users\bindu\.m2\repository\org\reactivestreams\reactive-streams\1.0.4\reactive-streams-1.0.4.jar;C:\Users\bindu\.m2\repository\org\freemarker\freemarker\2.3.32\freemarker-2.3.32.jar;C:\Users\bindu\.m2\repository\org\projectlombok\lombok\1.18.26\lombok-1.18.26.jar;C:\Users\bindu\.m2\repository\com\google\code\gson\gson\2.10.1\gson-2.10.1.jar;"/>
    <property name="sun.cpu.endian" value="little"/>
    <property name="user.home" value="C:\Users\bindu"/>
    <property name="user.language" value="en"/>
    <property name="java.specification.vendor" value="Oracle Corporation"/>
    <property name="java.version.date" value="2023-10-17"/>
    <property name="java.home" value="C:\Program Files\Java\jdk-17"/>
    <property name="file.separator" value="\"/>
    <property name="basedir" value="C:\Users\bindu\eclipse-workspace\MysauceDemoProject"/>
    <property name="java.vm.compressedOopsMode" value="Zero based"/>
    <property name="line.separator" value="&#10;"/>
    <property name="java.vm.specification.vendor" value="Oracle Corporation"/>
    <property name="java.specification.name" value="Java Platform API Specification"/>
    <property name="surefire.real.class.path" value="C:\Users\bindu\AppData\Local\Temp\surefire5227618174538048702\surefirebooter-20240624213205891_3.jar"/>
    <property name="user.script" value=""/>
    <property name="sun.management.compiler" value="HotSpot 64-Bit Tiered Compilers"/>
    <property name="java.runtime.version" value="17.0.9+11-LTS-201"/>
    <property name="user.name" value="bindu"/>
    <property name="path.separator" value=";"/>
    <property name="os.version" value="10.0"/>
    <property name="java.runtime.name" value="Java(TM) SE Runtime Environment"/>
    <property name="file.encoding" value="Cp1252"/>
    <property name="java.vm.name" value="Java HotSpot(TM) 64-Bit Server VM"/>
    <property name="localRepository" value="C:\Users\bindu\.m2\repository"/>
    <property name="java.vendor.url.bug" value="https://bugreport.java.com/bugreport/"/>
    <property name="java.io.tmpdir" value="C:\Users\bindu\AppData\Local\Temp\"/>
    <property name="java.version" value="17.0.9"/>
    <property name="user.dir" value="C:\Users\bindu\eclipse-workspace\MysauceDemoProject"/>
    <property name="os.arch" value="amd64"/>
    <property name="java.vm.specification.name" value="Java Virtual Machine Specification"/>
    <property name="sun.os.patch.level" value=""/>
    <property name="native.encoding" value="Cp1252"/>
    <property name="java.library.path" value="C:\Program Files\Java\jdk-17\bin;C:\Windows\Sun\Java\bin;C:\Windows\system32;C:\Windows;C:/Program Files/Java/jdk-17/bin/server;C:/Program Files/Java/jdk-17/bin;C:\Program Files\Common Files\Oracle\Java\javapath;C:\Windows\system32;C:\Windows;C:\Windows\System32\Wbem;C:\Windows\System32\WindowsPowerShell\v1.0\;C:\Windows\System32\OpenSSH\;C:\Users\bindu\Downloads\apache-maven-3.9.6\bin;C:\Program Files\Git\cmd;C:\Program Files\Java\jdk-17\bin;C:\Users\bindu\AppData\Local\Microsoft\WindowsApps;;C:\Windows\System32;;."/>
    <property name="java.vm.info" value="mixed mode, sharing"/>
    <property name="java.vendor" value="Oracle Corporation"/>
    <property name="java.vm.version" value="17.0.9+11-LTS-201"/>
    <property name="sun.io.unicode.encoding" value="UnicodeLittle"/>
    <property name="java.class.version" value="61.0"/>
  </properties>
  <testcase name="verifyLoginPageTitle" classname="com.saucedemo.testcases.LoginPageTest" time="0.038">
    <system-out><![CDATA[Browser is  Chrome
the url ishttps://www.saucedemo.com/driver is ChromeDriver: chrome on windows (f594954c294dd5c20579e9a62bad5edd)driver is hereChromeDriver: chrome on windows (f594954c294dd5c20579e9a62bad5edd)]]></system-out>
    <system-err><![CDATA[SLF4J: Failed to load class "org.slf4j.impl.StaticLoggerBinder".
SLF4J: Defaulting to no-operation (NOP) logger implementation
SLF4J: See http://www.slf4j.org/codes.html#StaticLoggerBinder for further details.
Jun 24, 2024 9:32:15 PM org.openqa.selenium.devtools.CdpVersionFinder findNearestMatch
WARNING: Unable to find CDP implementation matching 126
Jun 24, 2024 9:32:15 PM org.openqa.selenium.chromium.ChromiumDriver lambda$new$5
WARNING: Unable to find version of CDP to use for 126.0.6478.116. You may need to include a dependency on a specific version of the CDP using something similar to `org.seleniumhq.selenium:selenium-devtools-v86:4.17.0` where the version ("v86") matches the version of the chromium-based browser you're using and the version number of the artifact is the same as Selenium's.
]]></system-err>
  </testcase>
  <testcase name="verifyLogin" classname="com.saucedemo.testcases.LoginPageTest" time="0.975">
    <system-out><![CDATA[Browser is  Chrome
the url ishttps://www.saucedemo.com/driver is ChromeDriver: chrome on windows (653eab8a005009f1c3801947db8ac83d)driver is hereChromeDriver: chrome on windows (653eab8a005009f1c3801947db8ac83d)driver is hereChromeDriver: chrome on windows (653eab8a005009f1c3801947db8ac83d)]]></system-out>
    <system-err><![CDATA[Jun 24, 2024 9:32:19 PM org.openqa.selenium.devtools.CdpVersionFinder findNearestMatch
WARNING: Unable to find CDP implementation matching 126
Jun 24, 2024 9:32:19 PM org.openqa.selenium.chromium.ChromiumDriver lambda$new$5
WARNING: Unable to find version of CDP to use for 126.0.6478.116. You may need to include a dependency on a specific version of the CDP using something similar to `org.seleniumhq.selenium:selenium-devtools-v86:4.17.0` where the version ("v86") matches the version of the chromium-based browser you're using and the version number of the artifact is the same as Selenium's.
]]></system-err>
  </testcase>
  <testcase name="verifyInvaildLogin" classname="com.saucedemo.testcases.LoginPageTest" time="0.69">
    <system-out><![CDATA[Browser is  Chrome
the url ishttps://www.saucedemo.com/driver is ChromeDriver: chrome on windows (e0f98a12934b69c3937fc4e5fcf4e980)driver is hereChromeDriver: chrome on windows (e0f98a12934b69c3937fc4e5fcf4e980)]]></system-out>
    <system-err><![CDATA[Jun 24, 2024 9:32:22 PM org.openqa.selenium.devtools.CdpVersionFinder findNearestMatch
WARNING: Unable to find CDP implementation matching 126
Jun 24, 2024 9:32:22 PM org.openqa.selenium.chromium.ChromiumDriver lambda$new$5
WARNING: Unable to find version of CDP to use for 126.0.6478.116. You may need to include a dependency on a specific version of the CDP using something similar to `org.seleniumhq.selenium:selenium-devtools-v86:4.17.0` where the version ("v86") matches the version of the chromium-based browser you're using and the version number of the artifact is the same as Selenium's.
]]></system-err>
  </testcase>
  <testcase name="verifyOnHomeProductsPage" classname="com.saucedemo.testcases.HomeProductsPageTest" time="0.077">
    <system-out><![CDATA[Browser is  Chrome
the url ishttps://www.saucedemo.com/driver is ChromeDriver: chrome on windows (df11184b66477f2589f84f5fad3d39de)driver is hereChromeDriver: chrome on windows (df11184b66477f2589f84f5fad3d39de)driver is hereChromeDriver: chrome on windows (df11184b66477f2589f84f5fad3d39de)]]></system-out>
    <system-err><![CDATA[Jun 24, 2024 9:32:25 PM org.openqa.selenium.devtools.CdpVersionFinder findNearestMatch
WARNING: Unable to find CDP implementation matching 126
Jun 24, 2024 9:32:25 PM org.openqa.selenium.chromium.ChromiumDriver lambda$new$5
WARNING: Unable to find version of CDP to use for 126.0.6478.116. You may need to include a dependency on a specific version of the CDP using something similar to `org.seleniumhq.selenium:selenium-devtools-v86:4.17.0` where the version ("v86") matches the version of the chromium-based browser you're using and the version number of the artifact is the same as Selenium's.
]]></system-err>
  </testcase>
  <testcase name="verifyPriceLowToHighDisplayed" classname="com.saucedemo.testcases.HomeProductsPageTest" time="0.387">
    <system-out><![CDATA[Browser is  Chrome
the url ishttps://www.saucedemo.com/driver is ChromeDriver: chrome on windows (036fdc64fdcdf1accd392cb048f691f3)driver is hereChromeDriver: chrome on windows (036fdc64fdcdf1accd392cb048f691f3)driver is hereChromeDriver: chrome on windows (036fdc64fdcdf1accd392cb048f691f3)Sorted List is [7.99, 9.99, 15.99, 15.99, 29.99, 49.99]
Actual List is [7.99, 9.99, 15.99, 15.99, 29.99, 49.99]
]]></system-out>
    <system-err><![CDATA[Jun 24, 2024 9:32:28 PM org.openqa.selenium.devtools.CdpVersionFinder findNearestMatch
WARNING: Unable to find CDP implementation matching 126
Jun 24, 2024 9:32:28 PM org.openqa.selenium.chromium.ChromiumDriver lambda$new$5
WARNING: Unable to find version of CDP to use for 126.0.6478.116. You may need to include a dependency on a specific version of the CDP using something similar to `org.seleniumhq.selenium:selenium-devtools-v86:4.17.0` where the version ("v86") matches the version of the chromium-based browser you're using and the version number of the artifact is the same as Selenium's.
]]></system-err>
  </testcase>
  <testcase name="verifyPriceHighToLowDisplayed" classname="com.saucedemo.testcases.HomeProductsPageTest" time="0.35">
    <system-out><![CDATA[Browser is  Chrome
the url ishttps://www.saucedemo.com/driver is ChromeDriver: chrome on windows (f48d9c7279f795a3d41d28aaea04b96a)driver is hereChromeDriver: chrome on windows (f48d9c7279f795a3d41d28aaea04b96a)driver is hereChromeDriver: chrome on windows (f48d9c7279f795a3d41d28aaea04b96a)Sorted List is [49.99, 29.99, 15.99, 15.99, 9.99, 7.99]
Actual List is [49.99, 29.99, 15.99, 15.99, 9.99, 7.99]
]]></system-out>
    <system-err><![CDATA[Jun 24, 2024 9:32:32 PM org.openqa.selenium.devtools.CdpVersionFinder findNearestMatch
WARNING: Unable to find CDP implementation matching 126
Jun 24, 2024 9:32:32 PM org.openqa.selenium.chromium.ChromiumDriver lambda$new$5
WARNING: Unable to find version of CDP to use for 126.0.6478.116. You may need to include a dependency on a specific version of the CDP using something similar to `org.seleniumhq.selenium:selenium-devtools-v86:4.17.0` where the version ("v86") matches the version of the chromium-based browser you're using and the version number of the artifact is the same as Selenium's.
]]></system-err>
  </testcase>
  <testcase name="verifyNamesInAscendingOderDisplayed" classname="com.saucedemo.testcases.HomeProductsPageTest" time="0.236">
    <system-out><![CDATA[Browser is  Chrome
the url ishttps://www.saucedemo.com/driver is ChromeDriver: chrome on windows (1f27470117a52ef14de5d4017204e120)driver is hereChromeDriver: chrome on windows (1f27470117a52ef14de5d4017204e120)driver is hereChromeDriver: chrome on windows (1f27470117a52ef14de5d4017204e120)Sorted List is [Sauce Labs Backpack, Sauce Labs Bike Light, Sauce Labs Bolt T-Shirt, Sauce Labs Fleece Jacket, Sauce Labs Onesie, Test.allTheThings() T-Shirt (Red)]
Actual List is [Sauce Labs Backpack, Sauce Labs Bike Light, Sauce Labs Bolt T-Shirt, Sauce Labs Fleece Jacket, Sauce Labs Onesie, Test.allTheThings() T-Shirt (Red)]
]]></system-out>
    <system-err><![CDATA[Jun 24, 2024 9:32:35 PM org.openqa.selenium.devtools.CdpVersionFinder findNearestMatch
WARNING: Unable to find CDP implementation matching 126
Jun 24, 2024 9:32:35 PM org.openqa.selenium.chromium.ChromiumDriver lambda$new$5
WARNING: Unable to find version of CDP to use for 126.0.6478.116. You may need to include a dependency on a specific version of the CDP using something similar to `org.seleniumhq.selenium:selenium-devtools-v86:4.17.0` where the version ("v86") matches the version of the chromium-based browser you're using and the version number of the artifact is the same as Selenium's.
]]></system-err>
  </testcase>
  <testcase name="verifyNamesInDescendingOderDisplayed" classname="com.saucedemo.testcases.HomeProductsPageTest" time="0.386">
    <system-out><![CDATA[Browser is  Chrome
the url ishttps://www.saucedemo.com/driver is ChromeDriver: chrome on windows (3265f1a1224d65b9a2e13cfd99ea6e4c)driver is hereChromeDriver: chrome on windows (3265f1a1224d65b9a2e13cfd99ea6e4c)driver is hereChromeDriver: chrome on windows (3265f1a1224d65b9a2e13cfd99ea6e4c)Sorted List is [Test.allTheThings() T-Shirt (Red), Sauce Labs Onesie, Sauce Labs Fleece Jacket, Sauce Labs Bolt T-Shirt, Sauce Labs Bike Light, Sauce Labs Backpack]
Actual List is [Test.allTheThings() T-Shirt (Red), Sauce Labs Onesie, Sauce Labs Fleece Jacket, Sauce Labs Bolt T-Shirt, Sauce Labs Bike Light, Sauce Labs Backpack]
]]></system-out>
    <system-err><![CDATA[Jun 24, 2024 9:32:38 PM org.openqa.selenium.devtools.CdpVersionFinder findNearestMatch
WARNING: Unable to find CDP implementation matching 126
Jun 24, 2024 9:32:38 PM org.openqa.selenium.chromium.ChromiumDriver lambda$new$5
WARNING: Unable to find version of CDP to use for 126.0.6478.116. You may need to include a dependency on a specific version of the CDP using something similar to `org.seleniumhq.selenium:selenium-devtools-v86:4.17.0` where the version ("v86") matches the version of the chromium-based browser you're using and the version number of the artifact is the same as Selenium's.
]]></system-err>
  </testcase>
  <testcase name="verifyAddToCart" classname="com.saucedemo.testcases.HomeProductsPageTest" time="0.44">
    <system-out><![CDATA[Browser is  Chrome
the url ishttps://www.saucedemo.com/driver is ChromeDriver: chrome on windows (bae44060f8d226f3ac9cd50132ff9d52)driver is hereChromeDriver: chrome on windows (bae44060f8d226f3ac9cd50132ff9d52)driver is hereChromeDriver: chrome on windows (bae44060f8d226f3ac9cd50132ff9d52)]]></system-out>
    <system-err><![CDATA[Jun 24, 2024 9:32:42 PM org.openqa.selenium.devtools.CdpVersionFinder findNearestMatch
WARNING: Unable to find CDP implementation matching 126
Jun 24, 2024 9:32:42 PM org.openqa.selenium.chromium.ChromiumDriver lambda$new$5
WARNING: Unable to find version of CDP to use for 126.0.6478.116. You may need to include a dependency on a specific version of the CDP using something similar to `org.seleniumhq.selenium:selenium-devtools-v86:4.17.0` where the version ("v86") matches the version of the chromium-based browser you're using and the version number of the artifact is the same as Selenium's.
]]></system-err>
  </testcase>
  <testcase name="verifyAddingTwoItems" classname="com.saucedemo.testcases.HomeProductsPageTest" time="0.53">
    <system-out><![CDATA[Browser is  Chrome
the url ishttps://www.saucedemo.com/driver is ChromeDriver: chrome on windows (6984adbb29328729beb8f5cd2d67b461)driver is hereChromeDriver: chrome on windows (6984adbb29328729beb8f5cd2d67b461)driver is hereChromeDriver: chrome on windows (6984adbb29328729beb8f5cd2d67b461)]]></system-out>
    <system-err><![CDATA[Jun 24, 2024 9:32:45 PM org.openqa.selenium.devtools.CdpVersionFinder findNearestMatch
WARNING: Unable to find CDP implementation matching 126
Jun 24, 2024 9:32:45 PM org.openqa.selenium.chromium.ChromiumDriver lambda$new$5
WARNING: Unable to find version of CDP to use for 126.0.6478.116. You may need to include a dependency on a specific version of the CDP using something similar to `org.seleniumhq.selenium:selenium-devtools-v86:4.17.0` where the version ("v86") matches the version of the chromium-based browser you're using and the version number of the artifact is the same as Selenium's.
]]></system-err>
  </testcase>
  <testcase name="verifyClickingOnProductLink" classname="com.saucedemo.testcases.HomeProductsPageTest" time="0.221">
    <system-out><![CDATA[Browser is  Chrome
the url ishttps://www.saucedemo.com/driver is ChromeDriver: chrome on windows (328ae42a76912a8f46a7d657c97f2ada)driver is hereChromeDriver: chrome on windows (328ae42a76912a8f46a7d657c97f2ada)driver is hereChromeDriver: chrome on windows (328ae42a76912a8f46a7d657c97f2ada)driver is hereChromeDriver: chrome on windows (328ae42a76912a8f46a7d657c97f2ada)]]></system-out>
    <system-err><![CDATA[Jun 24, 2024 9:32:50 PM org.openqa.selenium.devtools.CdpVersionFinder findNearestMatch
WARNING: Unable to find CDP implementation matching 126
Jun 24, 2024 9:32:50 PM org.openqa.selenium.chromium.ChromiumDriver lambda$new$5
WARNING: Unable to find version of CDP to use for 126.0.6478.116. You may need to include a dependency on a specific version of the CDP using something similar to `org.seleniumhq.selenium:selenium-devtools-v86:4.17.0` where the version ("v86") matches the version of the chromium-based browser you're using and the version number of the artifact is the same as Selenium's.
]]></system-err>
  </testcase>
  <testcase name="verifyClickingOnCart" classname="com.saucedemo.testcases.HomeProductsPageTest" time="0.252">
    <system-out><![CDATA[Browser is  Chrome
the url ishttps://www.saucedemo.com/driver is ChromeDriver: chrome on windows (389f4ccdca8a3a7c78607a338a1f1b55)driver is hereChromeDriver: chrome on windows (389f4ccdca8a3a7c78607a338a1f1b55)driver is hereChromeDriver: chrome on windows (389f4ccdca8a3a7c78607a338a1f1b55)]]></system-out>
    <system-err><![CDATA[Jun 24, 2024 9:32:53 PM org.openqa.selenium.devtools.CdpVersionFinder findNearestMatch
WARNING: Unable to find CDP implementation matching 126
Jun 24, 2024 9:32:53 PM org.openqa.selenium.chromium.ChromiumDriver lambda$new$5
WARNING: Unable to find version of CDP to use for 126.0.6478.116. You may need to include a dependency on a specific version of the CDP using something similar to `org.seleniumhq.selenium:selenium-devtools-v86:4.17.0` where the version ("v86") matches the version of the chromium-based browser you're using and the version number of the artifact is the same as Selenium's.
]]></system-err>
  </testcase>
  <testcase name="verifyOnProductDetailsPage" classname="com.saucedemo.testcases.ProductDetailPageTest" time="0.069">
    <system-out><![CDATA[Browser is  Chrome
the url ishttps://www.saucedemo.com/driver is ChromeDriver: chrome on windows (d8ce82301ac444e1a6c3fb4fde860024)driver is hereChromeDriver: chrome on windows (d8ce82301ac444e1a6c3fb4fde860024)driver is hereChromeDriver: chrome on windows (d8ce82301ac444e1a6c3fb4fde860024)driver is hereChromeDriver: chrome on windows (d8ce82301ac444e1a6c3fb4fde860024)]]></system-out>
    <system-err><![CDATA[Jun 24, 2024 9:32:57 PM org.openqa.selenium.devtools.CdpVersionFinder findNearestMatch
WARNING: Unable to find CDP implementation matching 126
Jun 24, 2024 9:32:57 PM org.openqa.selenium.chromium.ChromiumDriver lambda$new$5
WARNING: Unable to find version of CDP to use for 126.0.6478.116. You may need to include a dependency on a specific version of the CDP using something similar to `org.seleniumhq.selenium:selenium-devtools-v86:4.17.0` where the version ("v86") matches the version of the chromium-based browser you're using and the version number of the artifact is the same as Selenium's.
]]></system-err>
  </testcase>
  <testcase name="verifyAddProductToCart" classname="com.saucedemo.testcases.ProductDetailPageTest" time="0.245">
    <system-out><![CDATA[Browser is  Chrome
the url ishttps://www.saucedemo.com/driver is ChromeDriver: chrome on windows (9e02c3f3acb8abea648a3e990c07a482)driver is hereChromeDriver: chrome on windows (9e02c3f3acb8abea648a3e990c07a482)driver is hereChromeDriver: chrome on windows (9e02c3f3acb8abea648a3e990c07a482)driver is hereChromeDriver: chrome on windows (9e02c3f3acb8abea648a3e990c07a482)Cart Count is 1
]]></system-out>
    <system-err><![CDATA[Jun 24, 2024 9:33:00 PM org.openqa.selenium.devtools.CdpVersionFinder findNearestMatch
WARNING: Unable to find CDP implementation matching 126
Jun 24, 2024 9:33:00 PM org.openqa.selenium.chromium.ChromiumDriver lambda$new$5
WARNING: Unable to find version of CDP to use for 126.0.6478.116. You may need to include a dependency on a specific version of the CDP using something similar to `org.seleniumhq.selenium:selenium-devtools-v86:4.17.0` where the version ("v86") matches the version of the chromium-based browser you're using and the version number of the artifact is the same as Selenium's.
]]></system-err>
  </testcase>
  <testcase name="verifyClickingOnCart" classname="com.saucedemo.testcases.ProductDetailPageTest" time="0.185">
    <system-out><![CDATA[Browser is  Chrome
the url ishttps://www.saucedemo.com/driver is ChromeDriver: chrome on windows (b05f56507d04d923f6c39511564ddf7a)driver is hereChromeDriver: chrome on windows (b05f56507d04d923f6c39511564ddf7a)driver is hereChromeDriver: chrome on windows (b05f56507d04d923f6c39511564ddf7a)driver is hereChromeDriver: chrome on windows (b05f56507d04d923f6c39511564ddf7a)]]></system-out>
    <system-err><![CDATA[Jun 24, 2024 9:33:04 PM org.openqa.selenium.devtools.CdpVersionFinder findNearestMatch
WARNING: Unable to find CDP implementation matching 126
Jun 24, 2024 9:33:04 PM org.openqa.selenium.chromium.ChromiumDriver lambda$new$5
WARNING: Unable to find version of CDP to use for 126.0.6478.116. You may need to include a dependency on a specific version of the CDP using something similar to `org.seleniumhq.selenium:selenium-devtools-v86:4.17.0` where the version ("v86") matches the version of the chromium-based browser you're using and the version number of the artifact is the same as Selenium's.
]]></system-err>
  </testcase>
  <testcase name="verifyOnShoppingCartPage" classname="com.saucedemo.testcases.ShoppingCartPageTest" time="0.042">
    <system-out><![CDATA[Browser is  Chrome
the url ishttps://www.saucedemo.com/driver is ChromeDriver: chrome on windows (2831720d8a29adbac1cc3e889760d137)driver is hereChromeDriver: chrome on windows (2831720d8a29adbac1cc3e889760d137)driver is hereChromeDriver: chrome on windows (2831720d8a29adbac1cc3e889760d137)driver is hereChromeDriver: chrome on windows (2831720d8a29adbac1cc3e889760d137)driver is hereChromeDriver: chrome on windows (2831720d8a29adbac1cc3e889760d137)driver is hereChromeDriver: chrome on windows (2831720d8a29adbac1cc3e889760d137)]]></system-out>
    <system-err><![CDATA[Jun 24, 2024 9:33:07 PM org.openqa.selenium.devtools.CdpVersionFinder findNearestMatch
WARNING: Unable to find CDP implementation matching 126
Jun 24, 2024 9:33:07 PM org.openqa.selenium.chromium.ChromiumDriver lambda$new$5
WARNING: Unable to find version of CDP to use for 126.0.6478.116. You may need to include a dependency on a specific version of the CDP using something similar to `org.seleniumhq.selenium:selenium-devtools-v86:4.17.0` where the version ("v86") matches the version of the chromium-based browser you're using and the version number of the artifact is the same as Selenium's.
]]></system-err>
  </testcase>
  <testcase name="verifyCheckOutButton" classname="com.saucedemo.testcases.ShoppingCartPageTest" time="0.257">
    <system-out><![CDATA[Browser is  Chrome
the url ishttps://www.saucedemo.com/driver is ChromeDriver: chrome on windows (26bf75621fb14ac5abdf52bdb720546b)driver is hereChromeDriver: chrome on windows (26bf75621fb14ac5abdf52bdb720546b)driver is hereChromeDriver: chrome on windows (26bf75621fb14ac5abdf52bdb720546b)driver is hereChromeDriver: chrome on windows (26bf75621fb14ac5abdf52bdb720546b)driver is hereChromeDriver: chrome on windows (26bf75621fb14ac5abdf52bdb720546b)driver is hereChromeDriver: chrome on windows (26bf75621fb14ac5abdf52bdb720546b)]]></system-out>
    <system-err><![CDATA[Jun 24, 2024 9:33:11 PM org.openqa.selenium.devtools.CdpVersionFinder findNearestMatch
WARNING: Unable to find CDP implementation matching 126
Jun 24, 2024 9:33:11 PM org.openqa.selenium.chromium.ChromiumDriver lambda$new$5
WARNING: Unable to find version of CDP to use for 126.0.6478.116. You may need to include a dependency on a specific version of the CDP using something similar to `org.seleniumhq.selenium:selenium-devtools-v86:4.17.0` where the version ("v86") matches the version of the chromium-based browser you're using and the version number of the artifact is the same as Selenium's.
]]></system-err>
  </testcase>
  <testcase name="verifyContinueShoppingButton" classname="com.saucedemo.testcases.ShoppingCartPageTest" time="0.136">
    <system-out><![CDATA[Browser is  Chrome
the url ishttps://www.saucedemo.com/driver is ChromeDriver: chrome on windows (98b84e4b32d1bb2a3355c02bc7aa805b)driver is hereChromeDriver: chrome on windows (98b84e4b32d1bb2a3355c02bc7aa805b)driver is hereChromeDriver: chrome on windows (98b84e4b32d1bb2a3355c02bc7aa805b)driver is hereChromeDriver: chrome on windows (98b84e4b32d1bb2a3355c02bc7aa805b)driver is hereChromeDriver: chrome on windows (98b84e4b32d1bb2a3355c02bc7aa805b)driver is hereChromeDriver: chrome on windows (98b84e4b32d1bb2a3355c02bc7aa805b)driver is hereChromeDriver: chrome on windows (98b84e4b32d1bb2a3355c02bc7aa805b)]]></system-out>
    <system-err><![CDATA[Jun 24, 2024 9:33:15 PM org.openqa.selenium.devtools.CdpVersionFinder findNearestMatch
WARNING: Unable to find CDP implementation matching 126
Jun 24, 2024 9:33:15 PM org.openqa.selenium.chromium.ChromiumDriver lambda$new$5
WARNING: Unable to find version of CDP to use for 126.0.6478.116. You may need to include a dependency on a specific version of the CDP using something similar to `org.seleniumhq.selenium:selenium-devtools-v86:4.17.0` where the version ("v86") matches the version of the chromium-based browser you're using and the version number of the artifact is the same as Selenium's.
]]></system-err>
  </testcase>
  <testcase name="verifyOnCheckoutPage" classname="com.saucedemo.testcases.CheckoutPageTest" time="0.039">
    <system-out><![CDATA[Browser is  Chrome
the url ishttps://www.saucedemo.com/driver is ChromeDriver: chrome on windows (984b06993c110b9438b23ce860a76a42)driver is hereChromeDriver: chrome on windows (984b06993c110b9438b23ce860a76a42)driver is hereChromeDriver: chrome on windows (984b06993c110b9438b23ce860a76a42)driver is hereChromeDriver: chrome on windows (984b06993c110b9438b23ce860a76a42)driver is hereChromeDriver: chrome on windows (984b06993c110b9438b23ce860a76a42)driver is hereChromeDriver: chrome on windows (984b06993c110b9438b23ce860a76a42)]]></system-out>
    <system-err><![CDATA[Jun 24, 2024 9:33:19 PM org.openqa.selenium.devtools.CdpVersionFinder findNearestMatch
WARNING: Unable to find CDP implementation matching 126
Jun 24, 2024 9:33:19 PM org.openqa.selenium.chromium.ChromiumDriver lambda$new$5
WARNING: Unable to find version of CDP to use for 126.0.6478.116. You may need to include a dependency on a specific version of the CDP using something similar to `org.seleniumhq.selenium:selenium-devtools-v86:4.17.0` where the version ("v86") matches the version of the chromium-based browser you're using and the version number of the artifact is the same as Selenium's.
]]></system-err>
  </testcase>
  <testcase name="verifyCancelButton" classname="com.saucedemo.testcases.CheckoutPageTest" time="0.136">
    <system-out><![CDATA[Browser is  Chrome
the url ishttps://www.saucedemo.com/driver is ChromeDriver: chrome on windows (84661fc9a1dc131149ad1b7db1947af1)driver is hereChromeDriver: chrome on windows (84661fc9a1dc131149ad1b7db1947af1)driver is hereChromeDriver: chrome on windows (84661fc9a1dc131149ad1b7db1947af1)driver is hereChromeDriver: chrome on windows (84661fc9a1dc131149ad1b7db1947af1)driver is hereChromeDriver: chrome on windows (84661fc9a1dc131149ad1b7db1947af1)driver is hereChromeDriver: chrome on windows (84661fc9a1dc131149ad1b7db1947af1)]]></system-out>
    <system-err><![CDATA[Jun 24, 2024 9:33:22 PM org.openqa.selenium.devtools.CdpVersionFinder findNearestMatch
WARNING: Unable to find CDP implementation matching 126
Jun 24, 2024 9:33:22 PM org.openqa.selenium.chromium.ChromiumDriver lambda$new$5
WARNING: Unable to find version of CDP to use for 126.0.6478.116. You may need to include a dependency on a specific version of the CDP using something similar to `org.seleniumhq.selenium:selenium-devtools-v86:4.17.0` where the version ("v86") matches the version of the chromium-based browser you're using and the version number of the artifact is the same as Selenium's.
]]></system-err>
  </testcase>
  <testcase name="verifyContinueCheckoutButton" classname="com.saucedemo.testcases.CheckoutPageTest" time="1.296">
    <system-out><![CDATA[Browser is  Chrome
the url ishttps://www.saucedemo.com/driver is ChromeDriver: chrome on windows (93725592e709133a68e21e0d4a9bf5e3)driver is hereChromeDriver: chrome on windows (93725592e709133a68e21e0d4a9bf5e3)driver is hereChromeDriver: chrome on windows (93725592e709133a68e21e0d4a9bf5e3)driver is hereChromeDriver: chrome on windows (93725592e709133a68e21e0d4a9bf5e3)driver is hereChromeDriver: chrome on windows (93725592e709133a68e21e0d4a9bf5e3)driver is hereChromeDriver: chrome on windows (93725592e709133a68e21e0d4a9bf5e3)driver is hereChromeDriver: chrome on windows (93725592e709133a68e21e0d4a9bf5e3)]]></system-out>
    <system-err><![CDATA[Jun 24, 2024 9:33:26 PM org.openqa.selenium.devtools.CdpVersionFinder findNearestMatch
WARNING: Unable to find CDP implementation matching 126
Jun 24, 2024 9:33:26 PM org.openqa.selenium.chromium.ChromiumDriver lambda$new$5
WARNING: Unable to find version of CDP to use for 126.0.6478.116. You may need to include a dependency on a specific version of the CDP using something similar to `org.seleniumhq.selenium:selenium-devtools-v86:4.17.0` where the version ("v86") matches the version of the chromium-based browser you're using and the version number of the artifact is the same as Selenium's.
ERROR StatusLogger Log4j2 could not find a logging implementation. Please add log4j-core to the classpath. Using SimpleLogger to log to the console...
]]></system-err>
  </testcase>
  <testcase name="verifyOnOverviewPage" classname="com.saucedemo.testcases.OverviewPageTest" time="0.038">
    <system-out><![CDATA[Browser is  Chrome
the url ishttps://www.saucedemo.com/driver is ChromeDriver: chrome on windows (c30141cd297b8f578eb2e8afd79f0399)driver is hereChromeDriver: chrome on windows (c30141cd297b8f578eb2e8afd79f0399)driver is hereChromeDriver: chrome on windows (c30141cd297b8f578eb2e8afd79f0399)driver is hereChromeDriver: chrome on windows (c30141cd297b8f578eb2e8afd79f0399)driver is hereChromeDriver: chrome on windows (c30141cd297b8f578eb2e8afd79f0399)driver is hereChromeDriver: chrome on windows (c30141cd297b8f578eb2e8afd79f0399)driver is hereChromeDriver: chrome on windows (c30141cd297b8f578eb2e8afd79f0399)]]></system-out>
    <system-err><![CDATA[Jun 24, 2024 9:33:31 PM org.openqa.selenium.devtools.CdpVersionFinder findNearestMatch
WARNING: Unable to find CDP implementation matching 126
Jun 24, 2024 9:33:31 PM org.openqa.selenium.chromium.ChromiumDriver lambda$new$5
WARNING: Unable to find version of CDP to use for 126.0.6478.116. You may need to include a dependency on a specific version of the CDP using something similar to `org.seleniumhq.selenium:selenium-devtools-v86:4.17.0` where the version ("v86") matches the version of the chromium-based browser you're using and the version number of the artifact is the same as Selenium's.
]]></system-err>
  </testcase>
  <testcase name="verifyTotalPriceWithoutTax" classname="com.saucedemo.testcases.OverviewPageTest" time="0.097">
    <system-out><![CDATA[Browser is  Chrome
the url ishttps://www.saucedemo.com/driver is ChromeDriver: chrome on windows (faf9109f7defe2260f46d771bfd56d9b)driver is hereChromeDriver: chrome on windows (faf9109f7defe2260f46d771bfd56d9b)driver is hereChromeDriver: chrome on windows (faf9109f7defe2260f46d771bfd56d9b)driver is hereChromeDriver: chrome on windows (faf9109f7defe2260f46d771bfd56d9b)driver is hereChromeDriver: chrome on windows (faf9109f7defe2260f46d771bfd56d9b)driver is hereChromeDriver: chrome on windows (faf9109f7defe2260f46d771bfd56d9b)driver is hereChromeDriver: chrome on windows (faf9109f7defe2260f46d771bfd56d9b)Displayed Sum is 17.98
Sum is 17.98
]]></system-out>
    <system-err><![CDATA[Jun 24, 2024 9:33:35 PM org.openqa.selenium.devtools.CdpVersionFinder findNearestMatch
WARNING: Unable to find CDP implementation matching 126
Jun 24, 2024 9:33:35 PM org.openqa.selenium.chromium.ChromiumDriver lambda$new$5
WARNING: Unable to find version of CDP to use for 126.0.6478.116. You may need to include a dependency on a specific version of the CDP using something similar to `org.seleniumhq.selenium:selenium-devtools-v86:4.17.0` where the version ("v86") matches the version of the chromium-based browser you're using and the version number of the artifact is the same as Selenium's.
]]></system-err>
  </testcase>
  <testcase name="verifyTax" classname="com.saucedemo.testcases.OverviewPageTest" time="0.099">
    <system-out><![CDATA[Browser is  Chrome
the url ishttps://www.saucedemo.com/driver is ChromeDriver: chrome on windows (e6605d58b6230aff11261dfe1a39c9bc)driver is hereChromeDriver: chrome on windows (e6605d58b6230aff11261dfe1a39c9bc)driver is hereChromeDriver: chrome on windows (e6605d58b6230aff11261dfe1a39c9bc)driver is hereChromeDriver: chrome on windows (e6605d58b6230aff11261dfe1a39c9bc)driver is hereChromeDriver: chrome on windows (e6605d58b6230aff11261dfe1a39c9bc)driver is hereChromeDriver: chrome on windows (e6605d58b6230aff11261dfe1a39c9bc)driver is hereChromeDriver: chrome on windows (e6605d58b6230aff11261dfe1a39c9bc)Displayed tax is 1.44
Sum is 17.98
calculated tax is 1.44
]]></system-out>
    <system-err><![CDATA[Jun 24, 2024 9:33:40 PM org.openqa.selenium.devtools.CdpVersionFinder findNearestMatch
WARNING: Unable to find CDP implementation matching 126
Jun 24, 2024 9:33:40 PM org.openqa.selenium.chromium.ChromiumDriver lambda$new$5
WARNING: Unable to find version of CDP to use for 126.0.6478.116. You may need to include a dependency on a specific version of the CDP using something similar to `org.seleniumhq.selenium:selenium-devtools-v86:4.17.0` where the version ("v86") matches the version of the chromium-based browser you're using and the version number of the artifact is the same as Selenium's.
]]></system-err>
  </testcase>
  <testcase name="verifyFinalTotal" classname="com.saucedemo.testcases.OverviewPageTest" time="0.145">
    <system-out><![CDATA[Browser is  Chrome
the url ishttps://www.saucedemo.com/driver is ChromeDriver: chrome on windows (71a4717610fee690a5757f57fa736a2f)driver is hereChromeDriver: chrome on windows (71a4717610fee690a5757f57fa736a2f)driver is hereChromeDriver: chrome on windows (71a4717610fee690a5757f57fa736a2f)driver is hereChromeDriver: chrome on windows (71a4717610fee690a5757f57fa736a2f)driver is hereChromeDriver: chrome on windows (71a4717610fee690a5757f57fa736a2f)driver is hereChromeDriver: chrome on windows (71a4717610fee690a5757f57fa736a2f)driver is hereChromeDriver: chrome on windows (71a4717610fee690a5757f57fa736a2f)Displayed FinalTotal is 19.42
Sum is 17.98
Sum is 17.98
calculated tax is 1.44
Final Total is 19.42
]]></system-out>
    <system-err><![CDATA[Jun 24, 2024 9:33:45 PM org.openqa.selenium.devtools.CdpVersionFinder findNearestMatch
WARNING: Unable to find CDP implementation matching 126
Jun 24, 2024 9:33:45 PM org.openqa.selenium.chromium.ChromiumDriver lambda$new$5
WARNING: Unable to find version of CDP to use for 126.0.6478.116. You may need to include a dependency on a specific version of the CDP using something similar to `org.seleniumhq.selenium:selenium-devtools-v86:4.17.0` where the version ("v86") matches the version of the chromium-based browser you're using and the version number of the artifact is the same as Selenium's.
]]></system-err>
  </testcase>
  <testcase name="verifyClickingOnCancel" classname="com.saucedemo.testcases.OverviewPageTest" time="0.129">
    <system-out><![CDATA[Browser is  Chrome
the url ishttps://www.saucedemo.com/driver is ChromeDriver: chrome on windows (f8e27fe9a1f57ed4e9360d5a90acfca5)driver is hereChromeDriver: chrome on windows (f8e27fe9a1f57ed4e9360d5a90acfca5)driver is hereChromeDriver: chrome on windows (f8e27fe9a1f57ed4e9360d5a90acfca5)driver is hereChromeDriver: chrome on windows (f8e27fe9a1f57ed4e9360d5a90acfca5)driver is hereChromeDriver: chrome on windows (f8e27fe9a1f57ed4e9360d5a90acfca5)driver is hereChromeDriver: chrome on windows (f8e27fe9a1f57ed4e9360d5a90acfca5)driver is hereChromeDriver: chrome on windows (f8e27fe9a1f57ed4e9360d5a90acfca5)driver is hereChromeDriver: chrome on windows (f8e27fe9a1f57ed4e9360d5a90acfca5)]]></system-out>
    <system-err><![CDATA[Jun 24, 2024 9:33:51 PM org.openqa.selenium.devtools.CdpVersionFinder findNearestMatch
WARNING: Unable to find CDP implementation matching 126
Jun 24, 2024 9:33:51 PM org.openqa.selenium.chromium.ChromiumDriver lambda$new$5
WARNING: Unable to find version of CDP to use for 126.0.6478.116. You may need to include a dependency on a specific version of the CDP using something similar to `org.seleniumhq.selenium:selenium-devtools-v86:4.17.0` where the version ("v86") matches the version of the chromium-based browser you're using and the version number of the artifact is the same as Selenium's.
]]></system-err>
  </testcase>
  <testcase name="verifyClickingOnFinish" classname="com.saucedemo.testcases.OverviewPageTest" time="0.135">
    <system-out><![CDATA[Browser is  Chrome
the url ishttps://www.saucedemo.com/driver is ChromeDriver: chrome on windows (79d8d42ae90a9c55c67c6450ab2e1803)driver is hereChromeDriver: chrome on windows (79d8d42ae90a9c55c67c6450ab2e1803)driver is hereChromeDriver: chrome on windows (79d8d42ae90a9c55c67c6450ab2e1803)driver is hereChromeDriver: chrome on windows (79d8d42ae90a9c55c67c6450ab2e1803)driver is hereChromeDriver: chrome on windows (79d8d42ae90a9c55c67c6450ab2e1803)driver is hereChromeDriver: chrome on windows (79d8d42ae90a9c55c67c6450ab2e1803)driver is hereChromeDriver: chrome on windows (79d8d42ae90a9c55c67c6450ab2e1803)driver is hereChromeDriver: chrome on windows (79d8d42ae90a9c55c67c6450ab2e1803)]]></system-out>
    <system-err><![CDATA[Jun 24, 2024 9:33:56 PM org.openqa.selenium.devtools.CdpVersionFinder findNearestMatch
WARNING: Unable to find CDP implementation matching 126
Jun 24, 2024 9:33:56 PM org.openqa.selenium.chromium.ChromiumDriver lambda$new$5
WARNING: Unable to find version of CDP to use for 126.0.6478.116. You may need to include a dependency on a specific version of the CDP using something similar to `org.seleniumhq.selenium:selenium-devtools-v86:4.17.0` where the version ("v86") matches the version of the chromium-based browser you're using and the version number of the artifact is the same as Selenium's.
]]></system-err>
  </testcase>
  <testcase name="verifyOnFinalPage" classname="com.saucedemo.testcases.OrderCompletePageTest" time="0.037">
    <system-out><![CDATA[Browser is  Chrome
the url ishttps://www.saucedemo.com/driver is ChromeDriver: chrome on windows (913ad97391a4bbfaa6f6454d6ac5356f)driver is hereChromeDriver: chrome on windows (913ad97391a4bbfaa6f6454d6ac5356f)driver is hereChromeDriver: chrome on windows (913ad97391a4bbfaa6f6454d6ac5356f)driver is hereChromeDriver: chrome on windows (913ad97391a4bbfaa6f6454d6ac5356f)driver is hereChromeDriver: chrome on windows (913ad97391a4bbfaa6f6454d6ac5356f)driver is hereChromeDriver: chrome on windows (913ad97391a4bbfaa6f6454d6ac5356f)driver is hereChromeDriver: chrome on windows (913ad97391a4bbfaa6f6454d6ac5356f)driver is hereChromeDriver: chrome on windows (913ad97391a4bbfaa6f6454d6ac5356f)]]></system-out>
    <system-err><![CDATA[Jun 24, 2024 9:34:00 PM org.openqa.selenium.devtools.CdpVersionFinder findNearestMatch
WARNING: Unable to find CDP implementation matching 126
Jun 24, 2024 9:34:00 PM org.openqa.selenium.chromium.ChromiumDriver lambda$new$5
WARNING: Unable to find version of CDP to use for 126.0.6478.116. You may need to include a dependency on a specific version of the CDP using something similar to `org.seleniumhq.selenium:selenium-devtools-v86:4.17.0` where the version ("v86") matches the version of the chromium-based browser you're using and the version number of the artifact is the same as Selenium's.
]]></system-err>
  </testcase>
  <testcase name="verifyClickingOnBackHome" classname="com.saucedemo.testcases.OrderCompletePageTest" time="0.153">
    <system-out><![CDATA[Browser is  Chrome
the url ishttps://www.saucedemo.com/driver is ChromeDriver: chrome on windows (b83881dd19107b66886cd46dcbe0a05f)driver is hereChromeDriver: chrome on windows (b83881dd19107b66886cd46dcbe0a05f)driver is hereChromeDriver: chrome on windows (b83881dd19107b66886cd46dcbe0a05f)driver is hereChromeDriver: chrome on windows (b83881dd19107b66886cd46dcbe0a05f)driver is hereChromeDriver: chrome on windows (b83881dd19107b66886cd46dcbe0a05f)driver is hereChromeDriver: chrome on windows (b83881dd19107b66886cd46dcbe0a05f)driver is hereChromeDriver: chrome on windows (b83881dd19107b66886cd46dcbe0a05f)driver is hereChromeDriver: chrome on windows (b83881dd19107b66886cd46dcbe0a05f)driver is hereChromeDriver: chrome on windows (b83881dd19107b66886cd46dcbe0a05f)]]></system-out>
    <system-err><![CDATA[Jun 24, 2024 9:34:04 PM org.openqa.selenium.devtools.CdpVersionFinder findNearestMatch
WARNING: Unable to find CDP implementation matching 126
Jun 24, 2024 9:34:04 PM org.openqa.selenium.chromium.ChromiumDriver lambda$new$5
WARNING: Unable to find version of CDP to use for 126.0.6478.116. You may need to include a dependency on a specific version of the CDP using something similar to `org.seleniumhq.selenium:selenium-devtools-v86:4.17.0` where the version ("v86") matches the version of the chromium-based browser you're using and the version number of the artifact is the same as Selenium's.
]]></system-err>
  </testcase>
</testsuite>