<?xml version="1.0" encoding="UTF-8"?>
<!-- Generated by org.testng.reporters.JUnitReportReporter -->
<testsuite hostname="NevaanSengar" failures="0" tests="2" name="com.saucedemo.testcases.OrderCompletePageTest" time="8.027" errors="0" timestamp="2024-06-24T21:34:07 EDT" skipped="0">
  <testcase classname="com.saucedemo.testcases.OrderCompletePageTest" name="verifyOnFinalPage" time="4.332"/>
  <testcase classname="com.saucedemo.testcases.OrderCompletePageTest" name="verifyClickingOnBackHome" time="3.695"/>
</testsuite> <!-- com.saucedemo.testcases.OrderCompletePageTest -->
