<?xml version="1.0" encoding="UTF-8"?>
<!-- Generated by org.testng.reporters.JUnitReportReporter -->
<testsuite hostname="NevaanSengar" failures="0" tests="6" name="com.saucedemo.testcases.OverviewPageTest" time="28.192" errors="0" timestamp="2024-06-06T15:03:51 EDT" skipped="0">
  <testcase classname="com.saucedemo.testcases.OverviewPageTest" name="verifyOnOverviewPage" time="4.529"/>
  <testcase classname="com.saucedemo.testcases.OverviewPageTest" name="verifyTotalPriceWithoutTax" time="4.750"/>
  <testcase classname="com.saucedemo.testcases.OverviewPageTest" name="verifyTax" time="4.766"/>
  <testcase classname="com.saucedemo.testcases.OverviewPageTest" name="verifyFinalTotal" time="4.760"/>
  <testcase classname="com.saucedemo.testcases.OverviewPageTest" name="verifyClickingOnCancel" time="4.613"/>
  <testcase classname="com.saucedemo.testcases.OverviewPageTest" name="verifyClickingOnFinish" time="4.774"/>
</testsuite> <!-- com.saucedemo.testcases.OverviewPageTest -->
