<?xml version="1.0" encoding="UTF-8"?>
<!-- Generated by org.testng.reporters.JUnitReportReporter -->
<testsuite hostname="NevaanSengar" failures="0" tests="9" name="com.saucedemo.testcases.HomeProductsPageTest" time="23.381" errors="0" timestamp="2024-07-01T22:20:05 EDT" skipped="0">
  <testcase classname="com.saucedemo.testcases.HomeProductsPageTest" name="verifyOnHomeProductsPage" time="2.163"/>
  <testcase classname="com.saucedemo.testcases.HomeProductsPageTest" name="verifyPriceLowToHighDisplayed" time="2.550"/>
  <testcase classname="com.saucedemo.testcases.HomeProductsPageTest" name="verifyPriceHighToLowDisplayed" time="2.669"/>
  <testcase classname="com.saucedemo.testcases.HomeProductsPageTest" name="verifyNamesInAscendingOderDisplayed" time="2.519"/>
  <testcase classname="com.saucedemo.testcases.HomeProductsPageTest" name="verifyNamesInDescendingOderDisplayed" time="2.462"/>
  <testcase classname="com.saucedemo.testcases.HomeProductsPageTest" name="verifyAddToCart" time="2.774"/>
  <testcase classname="com.saucedemo.testcases.HomeProductsPageTest" name="verifyAddingTwoItems" time="3.664"/>
  <testcase classname="com.saucedemo.testcases.HomeProductsPageTest" name="verifyClickingOnProductLink" time="2.420"/>
  <testcase classname="com.saucedemo.testcases.HomeProductsPageTest" name="verifyClickingOnCart" time="2.160"/>
</testsuite> <!-- com.saucedemo.testcases.HomeProductsPageTest -->
