<?xml version="1.0" encoding="UTF-8"?>
<!-- Generated by org.testng.reporters.JUnitReportReporter -->
<testsuite hostname="NevaanSengar" failures="0" tests="3" name="com.saucedemo.testcases.ShoppingCartPageTest" time="11.955" errors="0" timestamp="2024-06-24T21:34:07 EDT" skipped="0">
  <testcase classname="com.saucedemo.testcases.ShoppingCartPageTest" name="verifyOnShoppingCartPage" time="4.293"/>
  <testcase classname="com.saucedemo.testcases.ShoppingCartPageTest" name="verifyCheckOutButton" time="3.703"/>
  <testcase classname="com.saucedemo.testcases.ShoppingCartPageTest" name="verifyContinueShoppingButton" time="3.959"/>
</testsuite> <!-- com.saucedemo.testcases.ShoppingCartPageTest -->
