<?xml version="1.0" encoding="UTF-8"?>
<!-- Generated by org.testng.reporters.JUnitReportReporter -->
<testsuite hostname="NevaanSengar" failures="0" tests="4" name="com.saucedemo.testcases.ProductDetailPageTest" time="12.626" errors="0" timestamp="2024-06-06T15:03:51 EDT" skipped="1">
  <testcase classname="com.saucedemo.testcases.ProductDetailPageTest" name="verifyOnProductDetailsPage" time="5.213"/>
  <testcase classname="com.saucedemo.testcases.ProductDetailPageTest" name="verifyAddProductToCart" time="5.175"/>
  <testcase classname="com.saucedemo.testcases.ProductDetailPageTest" name="verifyClickingOnCart" time="2.238"/>
  <testcase classname="com.saucedemo.testcases.ProductDetailPageTest" name="verifyRemoveProduct">
    <skipped/>
  </testcase> <!-- verifyRemoveProduct -->
</testsuite> <!-- com.saucedemo.testcases.ProductDetailPageTest -->
