<?xml version="1.0" encoding="UTF-8"?>
<!-- Generated by org.testng.reporters.JUnitReportReporter -->
<testsuite hostname="NevaanSengar" failures="0" tests="3" name="com.saucedemo.testcases.CheckoutPageTest" time="11.519" errors="0" timestamp="2024-07-01T22:20:05 EDT" skipped="0">
  <testcase classname="com.saucedemo.testcases.CheckoutPageTest" name="verifyOnCheckoutPage" time="3.475"/>
  <testcase classname="com.saucedemo.testcases.CheckoutPageTest" name="verifyCancelButton" time="3.200"/>
  <testcase classname="com.saucedemo.testcases.CheckoutPageTest" name="verifyContinueCheckoutButton" time="4.844"/>
</testsuite> <!-- com.saucedemo.testcases.CheckoutPageTest -->
