<?xml version="1.0" encoding="UTF-8"?>
<!-- Generated by org.testng.reporters.JUnitReportReporter -->
<testsuite hostname="NevaanSengar" failures="0" tests="6" name="com.saucedemo.testcases.OverviewPageTest" time="27.406" errors="0" timestamp="2024-07-01T22:20:05 EDT" skipped="0">
  <testcase classname="com.saucedemo.testcases.OverviewPageTest" name="verifyOnOverviewPage" time="4.095"/>
  <testcase classname="com.saucedemo.testcases.OverviewPageTest" name="verifyTotalPriceWithoutTax" time="4.878"/>
  <testcase classname="com.saucedemo.testcases.OverviewPageTest" name="verifyTax" time="5.432"/>
  <testcase classname="com.saucedemo.testcases.OverviewPageTest" name="verifyFinalTotal" time="3.868"/>
  <testcase classname="com.saucedemo.testcases.OverviewPageTest" name="verifyClickingOnCancel" time="4.377"/>
  <testcase classname="com.saucedemo.testcases.OverviewPageTest" name="verifyClickingOnFinish" time="4.756"/>
</testsuite> <!-- com.saucedemo.testcases.OverviewPageTest -->
