<?xml version="1.0" encoding="UTF-8"?>
<!-- Generated by org.testng.reporters.JUnitReportReporter -->
<testsuite hostname="NevaanSengar" failures="0" tests="9" name="com.saucedemo.testcases.HomeProductsPageTest" time="19.622" errors="0" timestamp="2024-06-06T15:03:51 EDT" skipped="0">
  <testcase classname="com.saucedemo.testcases.HomeProductsPageTest" name="verifyOnHomeProductsPage" time="2.123"/>
  <testcase classname="com.saucedemo.testcases.HomeProductsPageTest" name="verifyPriceLowToHighDisplayed" time="2.096"/>
  <testcase classname="com.saucedemo.testcases.HomeProductsPageTest" name="verifyPriceHighToLowDisplayed" time="2.125"/>
  <testcase classname="com.saucedemo.testcases.HomeProductsPageTest" name="verifyNamesInAscendingOderDisplayed" time="2.074"/>
  <testcase classname="com.saucedemo.testcases.HomeProductsPageTest" name="verifyNamesInDescendingOderDisplayed" time="2.363"/>
  <testcase classname="com.saucedemo.testcases.HomeProductsPageTest" name="verifyAddToCart" time="2.284"/>
  <testcase classname="com.saucedemo.testcases.HomeProductsPageTest" name="verifyAddingTwoItems" time="2.329"/>
  <testcase classname="com.saucedemo.testcases.HomeProductsPageTest" name="verifyClickingOnProductLink" time="2.038"/>
  <testcase classname="com.saucedemo.testcases.HomeProductsPageTest" name="verifyClickingOnCart" time="2.190"/>
</testsuite> <!-- com.saucedemo.testcases.HomeProductsPageTest -->
