<?xml version="1.0" encoding="UTF-8"?>
<!-- Generated by org.testng.reporters.JUnitReportReporter -->
<testsuite hostname="NevaanSengar" failures="0" tests="2" name="com.saucedemo.testcases.OrderCompletePageTest" time="9.391" errors="0" timestamp="2024-06-06T15:03:51 EDT" skipped="0">
  <testcase classname="com.saucedemo.testcases.OrderCompletePageTest" name="verifyOnFinalPage" time="4.698"/>
  <testcase classname="com.saucedemo.testcases.OrderCompletePageTest" name="verifyClickingOnBackHome" time="4.693"/>
</testsuite> <!-- com.saucedemo.testcases.OrderCompletePageTest -->
