<?xml version="1.0" encoding="UTF-8"?>
<!-- Generated by org.testng.reporters.JUnitReportReporter -->
<testsuite hostname="NevaanSengar" failures="0" tests="4" name="com.saucedemo.testcases.ProductDetailPageTest" time="10.677" errors="0" timestamp="2024-06-24T21:34:07 EDT" skipped="1">
  <testcase classname="com.saucedemo.testcases.ProductDetailPageTest" name="verifyOnProductDetailsPage" time="2.830"/>
  <testcase classname="com.saucedemo.testcases.ProductDetailPageTest" name="verifyAddProductToCart" time="4.074"/>
  <testcase classname="com.saucedemo.testcases.ProductDetailPageTest" name="verifyClickingOnCart" time="3.773"/>
  <testcase classname="com.saucedemo.testcases.ProductDetailPageTest" name="verifyRemoveProduct">
    <skipped/>
  </testcase> <!-- verifyRemoveProduct -->
</testsuite> <!-- com.saucedemo.testcases.ProductDetailPageTest -->
