<?xml version="1.0" encoding="UTF-8"?>
<!-- Generated by org.testng.reporters.JUnitReportReporter -->
<testsuite hostname="NevaanSengar" failures="0" tests="3" name="com.saucedemo.testcases.CheckoutPageTest" time="13.555" errors="0" timestamp="2024-06-06T15:03:51 EDT" skipped="0">
  <testcase classname="com.saucedemo.testcases.CheckoutPageTest" name="verifyOnCheckoutPage" time="4.381"/>
  <testcase classname="com.saucedemo.testcases.CheckoutPageTest" name="verifyCancelButton" time="4.510"/>
  <testcase classname="com.saucedemo.testcases.CheckoutPageTest" name="verifyContinueCheckoutButton" time="4.664"/>
</testsuite> <!-- com.saucedemo.testcases.CheckoutPageTest -->
