<?xml version="1.0" encoding="UTF-8"?>
<!-- Generated by org.testng.reporters.JUnitReportReporter -->
<testsuite hostname="NevaanSengar" failures="0" tests="2" name="com.saucedemo.testcases.OrderCompletePageTest" time="8.186" errors="0" timestamp="2024-07-01T22:20:05 EDT" skipped="0">
  <testcase classname="com.saucedemo.testcases.OrderCompletePageTest" name="verifyOnFinalPage" time="4.035"/>
  <testcase classname="com.saucedemo.testcases.OrderCompletePageTest" name="verifyClickingOnBackHome" time="4.151"/>
</testsuite> <!-- com.saucedemo.testcases.OrderCompletePageTest -->
