<?xml version="1.0" encoding="UTF-8"?>
<!-- Generated by org.testng.reporters.JUnitReportReporter -->
<testsuite hostname="NevaanSengar" failures="0" tests="3" name="com.saucedemo.testcases.ShoppingCartPageTest" time="10.330" errors="0" timestamp="2024-07-01T22:20:05 EDT" skipped="0">
  <testcase classname="com.saucedemo.testcases.ShoppingCartPageTest" name="verifyOnShoppingCartPage" time="3.394"/>
  <testcase classname="com.saucedemo.testcases.ShoppingCartPageTest" name="verifyCheckOutButton" time="3.678"/>
  <testcase classname="com.saucedemo.testcases.ShoppingCartPageTest" name="verifyContinueShoppingButton" time="3.258"/>
</testsuite> <!-- com.saucedemo.testcases.ShoppingCartPageTest -->
