<?xml version="1.0" encoding="UTF-8"?>
<!-- Generated by org.testng.reporters.JUnitReportReporter -->
<testsuite hostname="NevaanSengar" failures="0" tests="3" name="com.saucedemo.testcases.CheckoutPageTest" time="12.524" errors="0" timestamp="2024-06-24T21:34:07 EDT" skipped="0">
  <testcase classname="com.saucedemo.testcases.CheckoutPageTest" name="verifyOnCheckoutPage" time="3.778"/>
  <testcase classname="com.saucedemo.testcases.CheckoutPageTest" name="verifyCancelButton" time="3.139"/>
  <testcase classname="com.saucedemo.testcases.CheckoutPageTest" name="verifyContinueCheckoutButton" time="5.607"/>
</testsuite> <!-- com.saucedemo.testcases.CheckoutPageTest -->
