<?xml version="1.0" encoding="UTF-8"?>
<!-- Generated by org.testng.reporters.JUnitReportReporter -->
<testsuite hostname="NevaanSengar" failures="0" tests="6" name="com.saucedemo.testcases.OverviewPageTest" time="28.892" errors="0" timestamp="2024-06-24T21:34:07 EDT" skipped="0">
  <testcase classname="com.saucedemo.testcases.OverviewPageTest" name="verifyOnOverviewPage" time="3.931"/>
  <testcase classname="com.saucedemo.testcases.OverviewPageTest" name="verifyTotalPriceWithoutTax" time="4.697"/>
  <testcase classname="com.saucedemo.testcases.OverviewPageTest" name="verifyTax" time="5.238"/>
  <testcase classname="com.saucedemo.testcases.OverviewPageTest" name="verifyFinalTotal" time="4.606"/>
  <testcase classname="com.saucedemo.testcases.OverviewPageTest" name="verifyClickingOnCancel" time="3.908"/>
  <testcase classname="com.saucedemo.testcases.OverviewPageTest" name="verifyClickingOnFinish" time="6.512"/>
</testsuite> <!-- com.saucedemo.testcases.OverviewPageTest -->
