<?xml version="1.0" encoding="UTF-8"?>
<!-- Generated by org.testng.reporters.JUnitReportReporter -->
<testsuite hostname="NevaanSengar" failures="0" tests="3" name="com.saucedemo.testcases.LoginPageTest" time="16.733" errors="0" timestamp="2024-06-24T21:34:07 EDT" skipped="0">
  <testcase classname="com.saucedemo.testcases.LoginPageTest" name="verifyLoginPageTitle" time="2.876"/>
  <testcase classname="com.saucedemo.testcases.LoginPageTest" name="verifyLogin" time="4.255"/>
  <testcase classname="com.saucedemo.testcases.LoginPageTest" name="verifyInvaildLogin" time="9.602"/>
</testsuite> <!-- com.saucedemo.testcases.LoginPageTest -->
