<?xml version="1.0" encoding="UTF-8"?>
<!-- Generated by org.testng.reporters.JUnitReportReporter -->
<testsuite hostname="NevaanSengar" failures="0" tests="9" name="com.saucedemo.testcases.HomeProductsPageTest" time="31.078" errors="0" timestamp="2024-06-24T21:34:07 EDT" skipped="0">
  <testcase classname="com.saucedemo.testcases.HomeProductsPageTest" name="verifyOnHomeProductsPage" time="3.373"/>
  <testcase classname="com.saucedemo.testcases.HomeProductsPageTest" name="verifyPriceLowToHighDisplayed" time="3.487"/>
  <testcase classname="com.saucedemo.testcases.HomeProductsPageTest" name="verifyPriceHighToLowDisplayed" time="3.410"/>
  <testcase classname="com.saucedemo.testcases.HomeProductsPageTest" name="verifyNamesInAscendingOderDisplayed" time="2.878"/>
  <testcase classname="com.saucedemo.testcases.HomeProductsPageTest" name="verifyNamesInDescendingOderDisplayed" time="3.671"/>
  <testcase classname="com.saucedemo.testcases.HomeProductsPageTest" name="verifyAddToCart" time="3.571"/>
  <testcase classname="com.saucedemo.testcases.HomeProductsPageTest" name="verifyAddingTwoItems" time="3.363"/>
  <testcase classname="com.saucedemo.testcases.HomeProductsPageTest" name="verifyClickingOnProductLink" time="3.147"/>
  <testcase classname="com.saucedemo.testcases.HomeProductsPageTest" name="verifyClickingOnCart" time="4.178"/>
</testsuite> <!-- com.saucedemo.testcases.HomeProductsPageTest -->
