<?xml version="1.0" encoding="UTF-8"?>
<!-- Generated by org.testng.reporters.JUnitReportReporter -->
<testsuite hostname="NevaanSengar" failures="0" tests="3" name="com.saucedemo.testcases.ShoppingCartPageTest" time="14.305" errors="0" timestamp="2024-06-06T15:03:51 EDT" skipped="0">
  <testcase classname="com.saucedemo.testcases.ShoppingCartPageTest" name="verifyOnShoppingCartPage" time="4.356"/>
  <testcase classname="com.saucedemo.testcases.ShoppingCartPageTest" name="verifyCheckOutButton" time="5.490"/>
  <testcase classname="com.saucedemo.testcases.ShoppingCartPageTest" name="verifyContinueShoppingButton" time="4.459"/>
</testsuite> <!-- com.saucedemo.testcases.ShoppingCartPageTest -->
