<?xml version="1.0" encoding="UTF-8"?>
<!-- Generated by org.testng.reporters.JUnitReportReporter -->
<testsuite hostname="NevaanSengar" failures="0" tests="3" name="com.saucedemo.testcases.LoginPageTest" time="14.955" errors="0" timestamp="2024-06-06T15:03:51 EDT" skipped="0">
  <testcase classname="com.saucedemo.testcases.LoginPageTest" name="verifyLoginPageTitle" time="4.603"/>
  <testcase classname="com.saucedemo.testcases.LoginPageTest" name="verifyLogin" time="5.026"/>
  <testcase classname="com.saucedemo.testcases.LoginPageTest" name="verifyInvaildLogin" time="5.326"/>
</testsuite> <!-- com.saucedemo.testcases.LoginPageTest -->
