<?xml version="1.0" encoding="UTF-8"?>
<!-- Generated by org.testng.reporters.JUnitReportReporter -->
<testsuite hostname="NevaanSengar" failures="0" tests="4" name="com.saucedemo.testcases.ProductDetailPageTest" time="8.303" errors="0" timestamp="2024-07-01T22:20:05 EDT" skipped="1">
  <testcase classname="com.saucedemo.testcases.ProductDetailPageTest" name="verifyOnProductDetailsPage" time="2.438"/>
  <testcase classname="com.saucedemo.testcases.ProductDetailPageTest" name="verifyAddProductToCart" time="3.109"/>
  <testcase classname="com.saucedemo.testcases.ProductDetailPageTest" name="verifyClickingOnCart" time="2.756"/>
  <testcase classname="com.saucedemo.testcases.ProductDetailPageTest" name="verifyRemoveProduct">
    <skipped/>
  </testcase> <!-- verifyRemoveProduct -->
</testsuite> <!-- com.saucedemo.testcases.ProductDetailPageTest -->
